<?xml version="1.0" encoding="UTF-8"?>
<testsuite xmlns:xsi="http://www.w3.org/2001/XMLSchema-instance" xsi:noNamespaceSchemaLocation="https://maven.apache.org/surefire/maven-surefire-plugin/xsd/surefire-test-report-3.0.xsd" version="3.0" name="com.example.marah.testcases.WeatherTests" time="57.429" tests="3" errors="0" skipped="0" failures="0">
  <properties>
[...]
</properties>
  <testcase name="TC_1" classname="com.example.marah.testcases.WeatherTests" time="12.632">
    <system-err><![CDATA[SLF4J(W): No SLF4J providers were found.
SLF4J(W): Defaulting to no-operation (NOP) logger implementation
SLF4J(W): See https://www.slf4j.org/codes.html#noProviders for further details.
]]></system-err>
  </testcase>
  <testcase name="TC_2" classname="com.example.marah.testcases.WeatherTests" time="12.35"/>
  <testcase name="TC_3" classname="com.example.marah.testcases.WeatherTests" time="9.257"/>
</testsuite>