<?xml version="1.0" encoding="UTF-8"?>
<testng-results ignored="0" total="3" passed="3" failed="0" skipped="0">
  <reporter-output>
  </reporter-output>
  <suite started-at="2024-07-19T20:58:20 AST" name="Surefire suite" finished-at="2024-07-19T20:59:17 AST" duration-ms="57203">
    <groups>
    </groups>
    <test started-at="2024-07-19T20:58:20 AST" name="Surefire test" finished-at="2024-07-19T20:59:17 AST" duration-ms="57203">
      <class name="com.example.marah.testcases.WeatherTests">
        <test-method is-config="true" signature="reportTest()[pri:0, instance:com.example.marah.testcases.WeatherTests@60704c]" started-at="2024-07-19T20:58:20 AST" name="reportTest" finished-at="2024-07-19T20:58:20 AST" duration-ms="108" status="PASS">
          <reporter-output>
          </reporter-output>
        </test-method> <!-- reportTest -->
        <test-method is-config="true" signature="Setup()[pri:0, instance:com.example.marah.testcases.WeatherTests@60704c]" started-at="2024-07-19T20:58:20 AST" name="Setup" finished-at="2024-07-19T20:58:29 AST" duration-ms="8577" status="PASS">
          <reporter-output>
          </reporter-output>
        </test-method> <!-- Setup -->
        <test-method signature="TC_1()[pri:0, instance:com.example.marah.testcases.WeatherTests@60704c]" started-at="2024-07-19T20:58:29 AST" name="TC_1" finished-at="2024-07-19T20:58:41 AST" duration-ms="12626" status="PASS">
          <reporter-output>
          </reporter-output>
        </test-method> <!-- TC_1 -->
        <test-method is-config="true" signature="TearDown(org.testng.ITestResult)[pri:0, instance:com.example.marah.testcases.WeatherTests@60704c]" started-at="2024-07-19T20:58:41 AST" name="TearDown" finished-at="2024-07-19T20:58:42 AST" duration-ms="590" status="PASS">
          <params>
            <param index="0">
              <value>
                <![CDATA[[TestResult name=TC_1 status=SUCCESS method=WeatherTests.TC_1()[pri:0, instance:com.example.marah.testcases.WeatherTests@60704c] output={null}]]]>
              </value>
            </param>
          </params>
          <reporter-output>
          </reporter-output>
        </test-method> <!-- TearDown -->
        <test-method is-config="true" signature="Setup()[pri:0, instance:com.example.marah.testcases.WeatherTests@60704c]" started-at="2024-07-19T20:58:42 AST" name="Setup" finished-at="2024-07-19T20:58:48 AST" duration-ms="6114" status="PASS">
          <reporter-output>
          </reporter-output>
        </test-method> <!-- Setup -->
        <test-method signature="TC_2()[pri:0, instance:com.example.marah.testcases.WeatherTests@60704c]" started-at="2024-07-19T20:58:48 AST" name="TC_2" finished-at="2024-07-19T20:59:00 AST" duration-ms="12348" status="PASS">
          <reporter-output>
          </reporter-output>
        </test-method> <!-- TC_2 -->
        <test-method is-config="true" signature="TearDown(org.testng.ITestResult)[pri:0, instance:com.example.marah.testcases.WeatherTests@60704c]" started-at="2024-07-19T20:59:00 AST" name="TearDown" finished-at="2024-07-19T20:59:01 AST" duration-ms="607" status="PASS">
          <params>
            <param index="0">
              <value>
                <![CDATA[[TestResult name=TC_2 status=SUCCESS method=WeatherTests.TC_2()[pri:0, instance:com.example.marah.testcases.WeatherTests@60704c] output={null}]]]>
              </value>
            </param>
          </params>
          <reporter-output>
          </reporter-output>
        </test-method> <!-- TearDown -->
        <test-method is-config="true" signature="Setup()[pri:0, instance:com.example.marah.testcases.WeatherTests@60704c]" started-at="2024-07-19T20:59:01 AST" name="Setup" finished-at="2024-07-19T20:59:07 AST" duration-ms="6157" status="PASS">
          <reporter-output>
          </reporter-output>
        </test-method> <!-- Setup -->
        <test-method signature="TC_3()[pri:0, instance:com.example.marah.testcases.WeatherTests@60704c]" started-at="2024-07-19T20:59:07 AST" name="TC_3" finished-at="2024-07-19T20:59:16 AST" duration-ms="9254" status="PASS">
          <reporter-output>
          </reporter-output>
        </test-method> <!-- TC_3 -->
        <test-method is-config="true" signature="TearDown(org.testng.ITestResult)[pri:0, instance:com.example.marah.testcases.WeatherTests@60704c]" started-at="2024-07-19T20:59:16 AST" name="TearDown" finished-at="2024-07-19T20:59:17 AST" duration-ms="591" status="PASS">
          <params>
            <param index="0">
              <value>
                <![CDATA[[TestResult name=TC_3 status=SUCCESS method=WeatherTests.TC_3()[pri:0, instance:com.example.marah.testcases.WeatherTests@60704c] output={null}]]]>
              </value>
            </param>
          </params>
          <reporter-output>
          </reporter-output>
        </test-method> <!-- TearDown -->
        <test-method is-config="true" signature="reportFlush()[pri:0, instance:com.example.marah.testcases.WeatherTests@60704c]" started-at="2024-07-19T20:59:17 AST" name="reportFlush" finished-at="2024-07-19T20:59:17 AST" duration-ms="205" status="PASS">
          <reporter-output>
          </reporter-output>
        </test-method> <!-- reportFlush -->
      </class> <!-- com.example.marah.testcases.WeatherTests -->
    </test> <!-- Surefire test -->
  </suite> <!-- Surefire suite -->
</testng-results>
