<?xml version="1.0" encoding="UTF-8"?>
<!-- Generated by org.testng.reporters.JUnitXMLReporter -->
<testsuite ignored="0" hostname="Marahs-MacBook-Air.local" failures="0" tests="3" name="Surefire test" time="57.203" errors="0" timestamp="2024-07-19T20:59:17 AST">
  <testcase classname="com.example.marah.testcases.WeatherTests" name="TC_1" time="12.626"/>
  <testcase classname="com.example.marah.testcases.WeatherTests" name="TC_2" time="12.348"/>
  <testcase classname="com.example.marah.testcases.WeatherTests" name="TC_3" time="9.254"/>
</testsuite> <!-- Surefire test -->
